[debug] [2021-10-12T12:42:09.652Z] ----------------------------------------------------------------------
[debug] [2021-10-12T12:42:09.654Z] Command:       /usr/local/bin/node /usr/local/bin/firebase init
[debug] [2021-10-12T12:42:09.655Z] CLI Version:   9.20.0
[debug] [2021-10-12T12:42:09.655Z] Platform:      darwin
[debug] [2021-10-12T12:42:09.656Z] Node Version:  v14.17.5
[debug] [2021-10-12T12:42:09.663Z] Time:          Tue Oct 12 2021 15:42:09 GMT+0300 (Israel Daylight Time)
[debug] [2021-10-12T12:42:09.664Z] ----------------------------------------------------------------------
[debug] 
[debug] [2021-10-12T12:42:09.675Z] > command requires scopes: ["email","openid","https://www.googleapis.com/auth/cloudplatformprojects.readonly","https://www.googleapis.com/auth/firebase","https://www.googleapis.com/auth/cloud-platform"]
[debug] [2021-10-12T12:42:09.675Z] > authorizing via signed-in user (sameerzaher@gmail.com)
[info] 
     ######## #### ########  ######## ########     ###     ######  ########
     ##        ##  ##     ## ##       ##     ##  ##   ##  ##       ##
     ######    ##  ########  ######   ########  #########  ######  ######
     ##        ##  ##    ##  ##       ##     ## ##     ##       ## ##
     ##       #### ##     ## ######## ########  ##     ##  ######  ########

You're about to initialize a Firebase project in this directory:

  /Users/sameerzaher/Desktop/Development/MATAZIM-PROJECT/MATAZIM-V2/matazim - FRONTEND

[debug] [2021-10-12T12:49:53.852Z] ----------------------------------------------------------------------
[debug] [2021-10-12T12:49:53.854Z] Command:       /usr/local/bin/node /usr/local/bin/firebase init
[debug] [2021-10-12T12:49:53.854Z] CLI Version:   9.20.0
[debug] [2021-10-12T12:49:53.854Z] Platform:      darwin
[debug] [2021-10-12T12:49:53.854Z] Node Version:  v14.17.5
[debug] [2021-10-12T12:49:53.860Z] Time:          Tue Oct 12 2021 15:49:53 GMT+0300 (Israel Daylight Time)
[debug] [2021-10-12T12:49:53.860Z] ----------------------------------------------------------------------
[debug] 
[debug] [2021-10-12T12:49:53.870Z] > command requires scopes: ["email","openid","https://www.googleapis.com/auth/cloudplatformprojects.readonly","https://www.googleapis.com/auth/firebase","https://www.googleapis.com/auth/cloud-platform"]
[debug] [2021-10-12T12:49:53.870Z] > authorizing via signed-in user (sameerzaher@gmail.com)
[info] 
     ######## #### ########  ######## ########     ###     ######  ########
     ##        ##  ##     ## ##       ##     ##  ##   ##  ##       ##
     ######    ##  ########  ######   ########  #########  ######  ######
     ##        ##  ##    ##  ##       ##     ## ##     ##       ## ##
     ##       #### ##     ## ######## ########  ##     ##  ######  ########

You're about to initialize a Firebase project in this directory:

  /Users/sameerzaher/Desktop/Development/MATAZIM-PROJECT/MATAZIM-V2/matazim - FRONTEND

